<?xml version="1.0" encoding="UTF-8"?>
<!-- Generated by org.testng.reporters.JUnitReportReporter -->
<testsuite skipped="0" hostname="DESKTOP-9C3AUI4" name="restAssured.restAssured.rest_CRUD" tests="4" failures="0" timestamp="2020-07-24T11:33:44 SGT" time="10.437" errors="0">
  <testcase name="put" time="0.609" classname="restAssured.restAssured.rest_CRUD"/>
  <system-out/>
  <testcase name="patch" time="0.424" classname="restAssured.restAssured.rest_CRUD"/>
  <system-out/>
  <testcase name="Get" time="8.596" classname="restAssured.restAssured.rest_CRUD"/>
  <system-out/>
  <testcase name="Post" time="0.808" classname="restAssured.restAssured.rest_CRUD"/>
  <system-out/>
</testsuite> <!-- restAssured.restAssured.rest_CRUD -->
