<?xml version="1.0" encoding="UTF-8"?>
<!-- Generated by org.testng.reporters.JUnitReportReporter -->
<testsuite skipped="0" hostname="DESKTOP-9C3AUI4" name="restAssured.restAssured.RestAPI" tests="1" failures="0" timestamp="2020-07-24T11:59:40 SGT" time="2.171" errors="0">
  <testcase name="delete" time="2.171" classname="restAssured.restAssured.RestAPI"/>
  <system-out/>
</testsuite> <!-- restAssured.restAssured.RestAPI -->
